Arguments: 
  C:\Users\aiman\node.exe C:\Users\aiman\AppData\Roaming\npm\node_modules\yarn\bin\yarn.js init

PATH: 
  C:\Python311\Scripts\;C:\Python311\;C:\WINDOWS\system32;C:\WINDOWS;C:\WINDOWS\System32\Wbem;C:\WINDOWS\System32\WindowsPowerShell\v1.0\;C:\WINDOWS\System32\OpenSSH\;C:\ProgramData\chocolatey\bin;C:\Program Files\Git\cmd;C:\Users\aiman\AppData\Roaming\nvm;C:\Program Files\nodejs;C:\Users\aiman\;C:\Windows\System32\cmd.exe;C:\Program Files\MongoDB\Server\6.0;C:\Users\aiman\AppData\Local\Microsoft\WindowsApps;C:\Users\aiman\AppData\Local\Programs\Microsoft VS Code\bin;C:\Users\aiman\AppData\Roaming\nvm;C:\Program Files\nodejs;C:\Users\aiman\AppData\Roaming\npm

Yarn version: 
  1.22.19

Node version: 
  20.0.0

Platform: 
  win32 x64

Trace: 
  Error: canceled
      at Interface.<anonymous> (C:\Users\aiman\AppData\Roaming\npm\node_modules\yarn\lib\cli.js:137150:13)
      at Interface.emit (node:events:511:28)
      at [_ttyWrite] [as _ttyWrite] (node:internal/readline/interface:1124:18)
      at ReadStream.onkeypress (node:internal/readline/interface:263:20)
      at ReadStream.emit (node:events:511:28)
      at emitKeys (node:internal/readline/utils:357:14)
      at emitKeys.next (<anonymous>)
      at ReadStream.onData (node:internal/readline/emitKeypressEvents:64:36)
      at ReadStream.emit (node:events:511:28)
      at addChunk (node:internal/streams/readable:332:12)

npm manifest: 
  {
    "name": "university-management-system",
    "version": "1.0.0",
    "description": "",
    "main": "src/server.ts",
    "scripts": {
      "start": "ts-node-dev --respawn --transpile-only src/server.ts",
      "lint:check": "eslint --ignore-path .eslintignore --ext .js,.ts .",
      "lint:fix": "eslint . --fix",
      "prettier:check": "prettier --ignore-path .gitignore --write \"**/*.+(js|ts|json)\"",
      "lint-prettier": "yarn lint:check && yarn prettier:check",
      "prettier:fix": "prettier --write .",
      "test": "echo \"Error: no test specified\" && exit 1"
    },
    "author": "Ahad Hossain Aiman",
    "license": "ISC",
    "lint-staged": {
      "src/**/*.ts": "yarn lint-prettier"
    },
    "devDependencies": {
      "@types/express": "^4.17.17",
      "eslint-config-prettier": "^8.8.0",
      "husky": "^8.0.3",
      "lint-staged": "^13.2.2",
      "prettier": "^2.8.8",
      "ts-node-dev": "^2.0.0",
      "typescript": "^5.1.3"
    },
    "dependencies": {
      "@typescript-eslint/eslint-plugin": "^5.59.9",
      "@typescript-eslint/parser": "^5.59.9",
      "cons": "^0.0.2",
      "cors": "^2.8.5",
      "dotenv": "^16.1.4",
      "eslint": "^8.42.0",
      "express": "^4.18.2",
      "http-status": "^1.6.2",
      "mongoose": "^7.2.2",
      "winston": "^3.9.0",
      "winston-daily-rotate-file": "^4.7.1",
      "zod": "^3.21.4"
    }
  }

yarn manifest: 
  No manifest

Lockfile: 
  No lockfile
